Seed Harness Report

Protocol: 1
Promises: 1
Errors: 0
Warnings: 1

Feature: Seed Harness / Promise Registry

P0  Accepted promises are loaded from canonical YAML files
    Promise ID: harness.promise_registry.load_canonical_yaml_promises
    Lifecycle: accepted
    Run Status: unknown
    Purpose: Protect the seed Harness's reviewed behavior promises.
    Warnings:
    - Promise `harness.promise_registry.load_canonical_yaml_promises` is `accepted` but has no bound test result — a reviewed promise without executable evidence is the gap promise-first review is meant to close.
    Given:
    - A promise file exists under the tests/promises root
    When:
    - The seed Harness loads promise records
    Then:
    - The promise is decoded into a PromiseRecord
    Evidence:
    - tests/promises/**/*.promises.yaml
    Failure meaning: The Harness cannot trust its own reviewed behavior promises.
